Build started 8/8/2015 9:32:56 PM.
     1>Project "C:\Users\Oscar\Desktop\cryptcat-nt-1.2.1\nt\cryptcat.vcxproj" on node 2 (build target(s)).
     1>InitializeBuildStatus:
         Creating ".\Debug\cryptcat.unsuccessfulbuild" because "AlwaysCreate" was specified.
       ClCompile:
         H:\Microsoft Visual Studio 2010 Ultimate\VC\bin\CL.exe /c /ZI /nologo /W3 /WX- /Od /Oy- /D WIN32 /D _DEBUG /D _CONSOLE /D _VC80_UPGRADE=0x0600 /D _MBCS /Gm /EHsc /RTC1 /MTd /GS /Gy- /fp:precise /Zc:wchar_t /Zc:forScope /Fo".\Debug\\" /Fd".\Debug\vc100.pdb" /Gd /TC /analyze- /errorReport:prompt NETCAT.C
         NETCAT.C
     1>h:\microsoft visual studio 2010 ultimate\vc\include\errno.h(92): warning C4005: 'EADDRINUSE' : macro redefinition
                 c:\users\oscar\desktop\cryptcat-nt-1.2.1\nt\netcat.c(94) : see previous definition of 'EADDRINUSE'
     1>h:\microsoft visual studio 2010 ultimate\vc\include\errno.h(99): warning C4005: 'ECONNREFUSED' : macro redefinition
                 c:\users\oscar\desktop\cryptcat-nt-1.2.1\nt\netcat.c(96) : see previous definition of 'ECONNREFUSED'
     1>h:\microsoft visual studio 2010 ultimate\vc\include\errno.h(130): warning C4005: 'ETIMEDOUT' : macro redefinition
                 c:\users\oscar\desktop\cryptcat-nt-1.2.1\nt\netcat.c(95) : see previous definition of 'ETIMEDOUT'
     1>c:\users\oscar\desktop\cryptcat-nt-1.2.1\nt\netcat.c(369): warning C4996: '_sleep': This function or variable has been superceded by newer library or operating system functionality. Consider using Sleep instead. See online help for details.
                 h:\microsoft visual studio 2010 ultimate\vc\include\stdlib.h(843) : see declaration of '_sleep'
     1>c:\users\oscar\desktop\cryptcat-nt-1.2.1\nt\netcat.c(490): warning C4996: 'strcmpi': The POSIX name for this item is deprecated. Instead, use the ISO C++ conformant name: _strcmpi. See online help for details.
                 h:\microsoft visual studio 2010 ultimate\vc\include\string.h(245) : see declaration of 'strcmpi'
     1>c:\users\oscar\desktop\cryptcat-nt-1.2.1\nt\netcat.c(540): warning C4996: 'strcpy': This function or variable may be unsafe. Consider using strcpy_s instead. To disable deprecation, use _CRT_SECURE_NO_WARNINGS. See online help for details.
                 h:\microsoft visual studio 2010 ultimate\vc\include\string.h(105) : see declaration of 'strcpy'
     1>c:\users\oscar\desktop\cryptcat-nt-1.2.1\nt\netcat.c(552): warning C4996: 'strncpy': This function or variable may be unsafe. Consider using strncpy_s instead. To disable deprecation, use _CRT_SECURE_NO_WARNINGS. See online help for details.
                 h:\microsoft visual studio 2010 ultimate\vc\include\string.h(188) : see declaration of 'strncpy'
     1>c:\users\oscar\desktop\cryptcat-nt-1.2.1\nt\netcat.c(556): warning C4996: 'strncpy': This function or variable may be unsafe. Consider using strncpy_s instead. To disable deprecation, use _CRT_SECURE_NO_WARNINGS. See online help for details.
                 h:\microsoft visual studio 2010 ultimate\vc\include\string.h(188) : see declaration of 'strncpy'
     1>c:\users\oscar\desktop\cryptcat-nt-1.2.1\nt\netcat.c(574): warning C4996: 'strncpy': This function or variable may be unsafe. Consider using strncpy_s instead. To disable deprecation, use _CRT_SECURE_NO_WARNINGS. See online help for details.
                 h:\microsoft visual studio 2010 ultimate\vc\include\string.h(188) : see declaration of 'strncpy'
     1>c:\users\oscar\desktop\cryptcat-nt-1.2.1\nt\netcat.c(584): warning C4996: 'strncpy': This function or variable may be unsafe. Consider using strncpy_s instead. To disable deprecation, use _CRT_SECURE_NO_WARNINGS. See online help for details.
                 h:\microsoft visual studio 2010 ultimate\vc\include\string.h(188) : see declaration of 'strncpy'
     1>c:\users\oscar\desktop\cryptcat-nt-1.2.1\nt\netcat.c(641): warning C4996: 'strncpy': This function or variable may be unsafe. Consider using strncpy_s instead. To disable deprecation, use _CRT_SECURE_NO_WARNINGS. See online help for details.
                 h:\microsoft visual studio 2010 ultimate\vc\include\string.h(188) : see declaration of 'strncpy'
     1>c:\users\oscar\desktop\cryptcat-nt-1.2.1\nt\netcat.c(660): warning C4996: 'strncpy': This function or variable may be unsafe. Consider using strncpy_s instead. To disable deprecation, use _CRT_SECURE_NO_WARNINGS. See online help for details.
                 h:\microsoft visual studio 2010 ultimate\vc\include\string.h(188) : see declaration of 'strncpy'
     1>c:\users\oscar\desktop\cryptcat-nt-1.2.1\nt\netcat.c(682): warning C4996: 'sprintf': This function or variable may be unsafe. Consider using sprintf_s instead. To disable deprecation, use _CRT_SECURE_NO_WARNINGS. See online help for details.
                 h:\microsoft visual studio 2010 ultimate\vc\include\stdio.h(371) : see declaration of 'sprintf'
     1>c:\users\oscar\desktop\cryptcat-nt-1.2.1\nt\netcat.c(816): warning C4996: 'dup': The POSIX name for this item is deprecated. Instead, use the ISO C++ conformant name: _dup. See online help for details.
                 h:\microsoft visual studio 2010 ultimate\vc\include\io.h(304) : see declaration of 'dup'
     1>c:\users\oscar\desktop\cryptcat-nt-1.2.1\nt\netcat.c(856): warning C4996: '_sleep': This function or variable has been superceded by newer library or operating system functionality. Consider using Sleep instead. See online help for details.
                 h:\microsoft visual studio 2010 ultimate\vc\include\stdlib.h(843) : see declaration of '_sleep'
     1>c:\users\oscar\desktop\cryptcat-nt-1.2.1\nt\netcat.c(1010): warning C4996: 'strcpy': This function or variable may be unsafe. Consider using strcpy_s instead. To disable deprecation, use _CRT_SECURE_NO_WARNINGS. See online help for details.
                 h:\microsoft visual studio 2010 ultimate\vc\include\string.h(105) : see declaration of 'strcpy'
     1>c:\users\oscar\desktop\cryptcat-nt-1.2.1\nt\netcat.c(1012): warning C4996: 'strcat': This function or variable may be unsafe. Consider using strcat_s instead. To disable deprecation, use _CRT_SECURE_NO_WARNINGS. See online help for details.
                 h:\microsoft visual studio 2010 ultimate\vc\include\string.h(110) : see declaration of 'strcat'
     1>c:\users\oscar\desktop\cryptcat-nt-1.2.1\nt\netcat.c(1014): warning C4996: 'strcat': This function or variable may be unsafe. Consider using strcat_s instead. To disable deprecation, use _CRT_SECURE_NO_WARNINGS. See online help for details.
                 h:\microsoft visual studio 2010 ultimate\vc\include\string.h(110) : see declaration of 'strcat'
     1>c:\users\oscar\desktop\cryptcat-nt-1.2.1\nt\netcat.c(1015): warning C4996: 'strcat': This function or variable may be unsafe. Consider using strcat_s instead. To disable deprecation, use _CRT_SECURE_NO_WARNINGS. See online help for details.
                 h:\microsoft visual studio 2010 ultimate\vc\include\string.h(110) : see declaration of 'strcat'
     1>c:\users\oscar\desktop\cryptcat-nt-1.2.1\nt\netcat.c(1114): warning C4996: 'strcpy': This function or variable may be unsafe. Consider using strcpy_s instead. To disable deprecation, use _CRT_SECURE_NO_WARNINGS. See online help for details.
                 h:\microsoft visual studio 2010 ultimate\vc\include\string.h(105) : see declaration of 'strcpy'
     1>c:\users\oscar\desktop\cryptcat-nt-1.2.1\nt\netcat.c(1126): warning C4996: 'strcpy': This function or variable may be unsafe. Consider using strcpy_s instead. To disable deprecation, use _CRT_SECURE_NO_WARNINGS. See online help for details.
                 h:\microsoft visual studio 2010 ultimate\vc\include\string.h(105) : see declaration of 'strcpy'
     1>c:\users\oscar\desktop\cryptcat-nt-1.2.1\nt\netcat.c(1179): warning C4996: '_sleep': This function or variable has been superceded by newer library or operating system functionality. Consider using Sleep instead. See online help for details.
                 h:\microsoft visual studio 2010 ultimate\vc\include\stdlib.h(843) : see declaration of '_sleep'
     1>c:\users\oscar\desktop\cryptcat-nt-1.2.1\nt\netcat.c(1276): warning C4996: 'sprintf': This function or variable may be unsafe. Consider using sprintf_s instead. To disable deprecation, use _CRT_SECURE_NO_WARNINGS. See online help for details.
                 h:\microsoft visual studio 2010 ultimate\vc\include\stdio.h(371) : see declaration of 'sprintf'
     1>c:\users\oscar\desktop\cryptcat-nt-1.2.1\nt\netcat.c(1299): warning C4996: 'write': The POSIX name for this item is deprecated. Instead, use the ISO C++ conformant name: _write. See online help for details.
                 h:\microsoft visual studio 2010 ultimate\vc\include\io.h(318) : see declaration of 'write'
     1>c:\users\oscar\desktop\cryptcat-nt-1.2.1\nt\netcat.c(1416): warning C4996: 'close': The POSIX name for this item is deprecated. Instead, use the ISO C++ conformant name: _close. See online help for details.
                 h:\microsoft visual studio 2010 ultimate\vc\include\io.h(302) : see declaration of 'close'
     1>c:\users\oscar\desktop\cryptcat-nt-1.2.1\nt\netcat.c(1420): warning C4996: '_sleep': This function or variable has been superceded by newer library or operating system functionality. Consider using Sleep instead. See online help for details.
                 h:\microsoft visual studio 2010 ultimate\vc\include\stdlib.h(843) : see declaration of '_sleep'
     1>c:\users\oscar\desktop\cryptcat-nt-1.2.1\nt\netcat.c(1545): warning C4996: 'kbhit': The POSIX name for this item is deprecated. Instead, use the ISO C++ conformant name: _kbhit. See online help for details.
                 h:\microsoft visual studio 2010 ultimate\vc\include\conio.h(130) : see declaration of 'kbhit'
     1>c:\users\oscar\desktop\cryptcat-nt-1.2.1\nt\netcat.c(1547): warning C4996: 'gets': This function or variable may be unsafe. Consider using gets_s instead. To disable deprecation, use _CRT_SECURE_NO_WARNINGS. See online help for details.
                 h:\microsoft visual studio 2010 ultimate\vc\include\stdio.h(277) : see declaration of 'gets'
     1>c:\users\oscar\desktop\cryptcat-nt-1.2.1\nt\netcat.c(1548): warning C4996: 'strcat': This function or variable may be unsafe. Consider using strcat_s instead. To disable deprecation, use _CRT_SECURE_NO_WARNINGS. See online help for details.
                 h:\microsoft visual studio 2010 ultimate\vc\include\string.h(110) : see declaration of 'strcat'
     1>c:\users\oscar\desktop\cryptcat-nt-1.2.1\nt\netcat.c(1556): warning C4996: 'close': The POSIX name for this item is deprecated. Instead, use the ISO C++ conformant name: _close. See online help for details.
                 h:\microsoft visual studio 2010 ultimate\vc\include\io.h(302) : see declaration of 'close'
     1>c:\users\oscar\desktop\cryptcat-nt-1.2.1\nt\netcat.c(1561): warning C4996: 'read': The POSIX name for this item is deprecated. Instead, use the ISO C++ conformant name: _read. See online help for details.
                 h:\microsoft visual studio 2010 ultimate\vc\include\io.h(313) : see declaration of 'read'
     1>c:\users\oscar\desktop\cryptcat-nt-1.2.1\nt\netcat.c(1563): warning C4996: 'close': The POSIX name for this item is deprecated. Instead, use the ISO C++ conformant name: _close. See online help for details.
                 h:\microsoft visual studio 2010 ultimate\vc\include\io.h(302) : see declaration of 'close'
     1>c:\users\oscar\desktop\cryptcat-nt-1.2.1\nt\netcat.c(1571): warning C4996: 'close': The POSIX name for this item is deprecated. Instead, use the ISO C++ conformant name: _close. See online help for details.
                 h:\microsoft visual studio 2010 ultimate\vc\include\io.h(302) : see declaration of 'close'
     1>c:\users\oscar\desktop\cryptcat-nt-1.2.1\nt\netcat.c(1593): warning C4996: 'write': The POSIX name for this item is deprecated. Instead, use the ISO C++ conformant name: _write. See online help for details.
                 h:\microsoft visual studio 2010 ultimate\vc\include\io.h(318) : see declaration of 'write'
     1>c:\users\oscar\desktop\cryptcat-nt-1.2.1\nt\netcat.c(1621): warning C4996: '_sleep': This function or variable has been superceded by newer library or operating system functionality. Consider using Sleep instead. See online help for details.
                 h:\microsoft visual studio 2010 ultimate\vc\include\stdlib.h(843) : see declaration of '_sleep'
     1>c:\users\oscar\desktop\cryptcat-nt-1.2.1\nt\netcat.c(1714): warning C4996: 'read': The POSIX name for this item is deprecated. Instead, use the ISO C++ conformant name: _read. See online help for details.
                 h:\microsoft visual studio 2010 ultimate\vc\include\io.h(313) : see declaration of 'read'
     1>c:\users\oscar\desktop\cryptcat-nt-1.2.1\nt\netcat.c(1863): warning C4244: 'function' : conversion from 'time_t' to 'unsigned int', possible loss of data
     1>c:\users\oscar\desktop\cryptcat-nt-1.2.1\nt\netcat.c(1874): warning C4996: 'open': The POSIX name for this item is deprecated. Instead, use the ISO C++ conformant name: _open. See online help for details.
                 h:\microsoft visual studio 2010 ultimate\vc\include\io.h(312) : see declaration of 'open'
     1>c:\users\oscar\desktop\cryptcat-nt-1.2.1\nt\netcat.c(2013): warning C4996: '_sleep': This function or variable has been superceded by newer library or operating system functionality. Consider using Sleep instead. See online help for details.
                 h:\microsoft visual studio 2010 ultimate\vc\include\stdlib.h(843) : see declaration of '_sleep'
         All outputs are up-to-date.
       ManifestResourceCompile:
         All outputs are up-to-date.
       Link:
         H:\Microsoft Visual Studio 2010 Ultimate\VC\bin\link.exe /ERRORREPORT:PROMPT /OUT:".\Debug\cryptcat.exe" /INCREMENTAL /NOLOGO odbc32.lib odbccp32.lib kernel32.lib user32.lib gdi32.lib winspool.lib comdlg32.lib advapi32.lib shell32.lib ole32.lib oleaut32.lib uuid.lib odbc32.lib odbccp32.lib /MANIFEST /ManifestFile:".\Debug\cryptcat.exe.intermediate.manifest" /MANIFESTUAC:"level='asInvoker' uiAccess='false'" /DEBUG /PDB:"C:\Users\Oscar\Desktop\cryptcat-nt-1.2.1\nt\Debug\cryptcat.pdb" /SUBSYSTEM:CONSOLE /TLBID:1 /DYNAMICBASE /NXCOMPAT /IMPLIB:".\Debug\cryptcat.lib" /MACHINE:X86 .\Debug\cryptcat.exe.embed.manifest.res
         .\Debug\doexec.obj
         .\Debug\farm9crypt.obj
         .\Debug\getopt.obj
         .\Debug\NETCAT.obj
         .\Debug\twofish2.obj
       Manifest:
         C:\Program Files\Microsoft SDKs\Windows\v7.0A\bin\mt.exe /nologo /verbose /out:".\Debug\cryptcat.exe.embed.manifest" /manifest .\Debug\cryptcat.exe.intermediate.manifest
         All outputs are up-to-date.
       LinkEmbedManifest:
         All outputs are up-to-date.
         cryptcat.vcxproj -> C:\Users\Oscar\Desktop\cryptcat-nt-1.2.1\nt\.\Debug\cryptcat.exe
       FinalizeBuildStatus:
         Deleting file ".\Debug\cryptcat.unsuccessfulbuild".
         Touching ".\Debug\cryptcat.lastbuildstate".
     1>Done Building Project "C:\Users\Oscar\Desktop\cryptcat-nt-1.2.1\nt\cryptcat.vcxproj" (build target(s)).

Build succeeded.

Time Elapsed 00:00:00.94
